2026-04-03 09:06:58 - INFO     - logger_config - ======================================================================
2026-04-03 09:06:58 - INFO     - logger_config - SISTEM POS - Application Started
2026-04-03 09:06:58 - INFO     - logger_config - ======================================================================
2026-04-03 09:06:58 - INFO     - logger_config - Log file: D:\Program_Kasir\pos.log
2026-04-03 09:06:58 - INFO     - logger_config - Log level: INFO
2026-04-03 09:06:58 - INFO     - logger_config - Logging initialized at 2026-04-03 09:06:58
2026-04-03 09:07:33 - INFO     - logger_config - ======================================================================
2026-04-03 09:07:33 - INFO     - logger_config - SISTEM POS - Application Restarted
2026-04-03 09:07:33 - INFO     - logger_config - ======================================================================
2026-04-03 09:07:33 - INFO     - logger_config - Logging initialized at 2026-04-03 09:07:33
2026-04-03 09:07:33 - INFO     - database - Database tables initialized successfully
2026-04-03 09:08:14 - INFO     - logger_config - ======================================================================
2026-04-03 09:08:14 - INFO     - logger_config - SISTEM POS - Application Restarted
2026-04-03 09:08:14 - INFO     - logger_config - ======================================================================
2026-04-03 09:08:14 - INFO     - logger_config - Logging initialized at 2026-04-03 09:08:14
2026-04-03 09:08:14 - INFO     - __main__ - === TESTING LOGGING FUNCTIONALITY ===
2026-04-03 09:08:14 - INFO     - database - Database tables initialized successfully
2026-04-03 09:08:14 - INFO     - __main__ - Database initialized successfully
2026-04-03 09:08:14 - INFO     - __main__ - Users exist in database: True
2026-04-03 09:08:14 - INFO     - __main__ - Testing product operations...
2026-04-03 09:08:14 - INFO     - database - Product added: TEST001 = Test Product
2026-04-03 09:08:14 - INFO     - __main__ - Product addition result: True
2026-04-03 09:08:14 - INFO     - __main__ - Retrieved product: Test Product - Rp50,000
2026-04-03 09:08:14 - INFO     - database - Product updated: TEST001
2026-04-03 09:08:14 - INFO     - __main__ - Product stock updated: True
2026-04-03 09:08:14 - INFO     - __main__ - Testing transaction creation...
2026-04-03 09:08:14 - INFO     - database - Transaction created: ID=7, total=Rp50,000
2026-04-03 09:08:14 - INFO     - __main__ - Transaction created with ID: 7
2026-04-03 09:08:14 - INFO     - __main__ - Transaction item added: True
2026-04-03 09:08:14 - INFO     - database - Stock reduced: product_id=1, qty=5
2026-04-03 09:08:14 - INFO     - __main__ - Stock reduced: True
2026-04-03 09:08:14 - INFO     - __main__ - === LOGGING TESTS COMPLETED ===
2026-04-03 09:09:35 - INFO     - logger_config - ======================================================================
2026-04-03 09:09:35 - INFO     - logger_config - SISTEM POS - Application Restarted
2026-04-03 09:09:35 - INFO     - logger_config - ======================================================================
2026-04-03 09:09:35 - INFO     - logger_config - Logging initialized at 2026-04-03 09:09:35
2026-04-03 09:09:35 - INFO     - __main__ - Application initialization started
2026-04-03 09:09:35 - INFO     - database - Database tables initialized successfully
2026-04-03 09:09:35 - INFO     - __main__ - Database initialized
2026-04-03 09:09:35 - INFO     - __main__ - Showing login window
2026-04-03 09:16:07 - INFO     - logger_config - ======================================================================
2026-04-03 09:16:07 - INFO     - logger_config - SISTEM POS - Application Restarted
2026-04-03 09:16:07 - INFO     - logger_config - ======================================================================
2026-04-03 09:16:07 - INFO     - logger_config - Logging initialized at 2026-04-03 09:16:07
2026-04-03 09:16:07 - INFO     - models - Discount set: 10% (amount: Rp20,000)
2026-04-03 09:16:07 - INFO     - models - Tax set: 10% (amount: Rp18,000)
2026-04-03 09:16:07 - WARNING  - models - Invalid discount: 150%
2026-04-03 09:16:07 - WARNING  - models - Invalid tax: -5%
2026-04-03 09:16:07 - INFO     - models - Discount set: 15% (amount: Rp45,000)
2026-04-03 09:16:07 - INFO     - models - Tax set: 5% (amount: Rp12,750)
2026-04-03 09:16:59 - INFO     - logger_config - ======================================================================
2026-04-03 09:16:59 - INFO     - logger_config - SISTEM POS - Application Restarted
2026-04-03 09:16:59 - INFO     - logger_config - ======================================================================
2026-04-03 09:16:59 - INFO     - logger_config - Logging initialized at 2026-04-03 09:16:59
2026-04-03 09:16:59 - INFO     - __main__ - Application initialization started
2026-04-03 09:16:59 - INFO     - database - Transaction table migration completed
2026-04-03 09:16:59 - INFO     - database - Database tables initialized successfully
2026-04-03 09:16:59 - INFO     - __main__ - Database initialized
2026-04-03 09:16:59 - INFO     - __main__ - Showing login window
2026-04-03 09:19:25 - INFO     - logger_config - ======================================================================
2026-04-03 09:19:25 - INFO     - logger_config - SISTEM POS - Application Restarted
2026-04-03 09:19:25 - INFO     - logger_config - ======================================================================
2026-04-03 09:19:25 - INFO     - logger_config - Logging initialized at 2026-04-03 09:19:25
2026-04-03 09:19:26 - INFO     - __main__ - Application initialization started
2026-04-03 09:19:26 - INFO     - database - Transaction table migration completed
2026-04-03 09:19:26 - INFO     - database - Database tables initialized successfully
2026-04-03 09:19:26 - INFO     - __main__ - Database initialized
2026-04-03 09:19:26 - INFO     - __main__ - Showing login window
2026-04-03 09:20:05 - INFO     - logger_config - ======================================================================
2026-04-03 09:20:05 - INFO     - logger_config - SISTEM POS - Application Restarted
2026-04-03 09:20:05 - INFO     - logger_config - ======================================================================
2026-04-03 09:20:05 - INFO     - logger_config - Logging initialized at 2026-04-03 09:20:05
2026-04-03 09:20:06 - INFO     - __main__ - Application initialization started
2026-04-03 09:20:06 - INFO     - database - Transaction table migration completed
2026-04-03 09:20:06 - INFO     - database - Database tables initialized successfully
2026-04-03 09:20:06 - INFO     - __main__ - Database initialized
2026-04-03 09:20:06 - INFO     - __main__ - Showing login window
2026-04-03 09:21:22 - INFO     - logger_config - ======================================================================
2026-04-03 09:21:22 - INFO     - logger_config - SISTEM POS - Application Restarted
2026-04-03 09:21:22 - INFO     - logger_config - ======================================================================
2026-04-03 09:21:22 - INFO     - logger_config - Logging initialized at 2026-04-03 09:21:22
2026-04-03 09:21:22 - INFO     - __main__ - Initializing product search test...
2026-04-03 09:21:22 - INFO     - database - Transaction table migration completed
2026-04-03 09:21:22 - INFO     - database - Database tables initialized successfully
2026-04-03 09:21:22 - INFO     - __main__ - Total products in database: 4
2026-04-03 09:21:22 - INFO     - __main__ - Search 'P' - Found 2 products
2026-04-03 09:21:22 - INFO     - __main__ - Search 'susu' - Found 0 products
2026-04-03 09:21:22 - INFO     - __main__ - Search 'oat' - Found 0 products
2026-04-03 09:21:22 - INFO     - __main__ - Search '123' - Found 0 products
2026-04-03 09:21:22 - INFO     - __main__ - Search 'x' - Found 0 products
2026-04-03 09:40:26 - INFO     - logger_config - ======================================================================
2026-04-03 09:40:26 - INFO     - logger_config - SISTEM POS - Application Restarted
2026-04-03 09:40:26 - INFO     - logger_config - ======================================================================
2026-04-03 09:40:26 - INFO     - logger_config - Logging initialized at 2026-04-03 09:40:26
2026-04-03 09:40:26 - INFO     - backup_manager - Backup folder ready: test_backup
2026-04-03 09:40:26 - INFO     - backup_manager - BackupManager initialized: folder=test_backup, max_backups=3
2026-04-03 09:40:26 - INFO     - backup_manager - Backup folder ready: backup
2026-04-03 09:40:26 - INFO     - backup_manager - BackupManager initialized: folder=backup, max_backups=7
2026-04-03 09:40:26 - INFO     - database - Transaction table migration completed
2026-04-03 09:40:26 - INFO     - database - Database tables initialized successfully
2026-04-03 09:40:26 - INFO     - backup_manager - Database backup created: backup_20260403.db
2026-04-03 09:40:26 - INFO     - backup_manager - Backup already exists for today: backup_20260403.db
2026-04-03 09:40:26 - INFO     - backup_manager - Backup folder ready: backup
2026-04-03 09:40:26 - INFO     - backup_manager - BackupManager initialized: folder=backup, max_backups=7
2026-04-03 09:40:26 - INFO     - database - Transaction table migration completed
2026-04-03 09:40:26 - INFO     - database - Database tables initialized successfully
2026-04-03 09:40:26 - INFO     - backup_manager - Database backup created: backup_20260403.db
2026-04-03 10:01:18 - INFO     - logger_config - ======================================================================
2026-04-03 10:01:18 - INFO     - logger_config - SISTEM POS - Application Restarted
2026-04-03 10:01:18 - INFO     - logger_config - ======================================================================
2026-04-03 10:01:18 - INFO     - logger_config - Logging initialized at 2026-04-03 10:01:18
2026-04-03 10:01:19 - INFO     - backup_manager - Backup folder ready: backup
2026-04-03 10:01:19 - INFO     - backup_manager - BackupManager initialized: folder=backup, max_backups=7
2026-04-03 10:01:19 - INFO     - database - Transaction table migration completed
2026-04-03 10:01:19 - INFO     - database - Database tables initialized successfully
2026-04-03 10:01:19 - INFO     - backup_manager - Backup folder ready: backup
2026-04-03 10:01:19 - INFO     - backup_manager - BackupManager initialized: folder=backup, max_backups=7
2026-04-03 10:01:19 - INFO     - database - Transaction table migration completed
2026-04-03 10:01:19 - INFO     - database - Database tables initialized successfully
2026-04-03 10:01:19 - INFO     - backup_manager - Backup folder ready: backup
2026-04-03 10:01:19 - INFO     - backup_manager - BackupManager initialized: folder=backup, max_backups=7
2026-04-03 10:01:19 - INFO     - database - Transaction table migration completed
2026-04-03 10:01:19 - INFO     - database - Database tables initialized successfully
2026-04-03 10:01:19 - INFO     - backup_manager - Backup folder ready: backup
2026-04-03 10:01:19 - INFO     - backup_manager - BackupManager initialized: folder=backup, max_backups=7
2026-04-03 10:01:19 - INFO     - database - Transaction table migration completed
2026-04-03 10:01:19 - INFO     - database - Database tables initialized successfully
2026-04-03 10:02:31 - INFO     - logger_config - ======================================================================
2026-04-03 10:02:31 - INFO     - logger_config - SISTEM POS - Application Restarted
2026-04-03 10:02:31 - INFO     - logger_config - ======================================================================
2026-04-03 10:02:31 - INFO     - logger_config - Logging initialized at 2026-04-03 10:02:31
2026-04-03 10:02:31 - INFO     - backup_manager - Backup folder ready: backup
2026-04-03 10:02:31 - INFO     - backup_manager - BackupManager initialized: folder=backup, max_backups=7
2026-04-03 10:02:31 - INFO     - database - Transaction table migration completed
2026-04-03 10:02:31 - INFO     - database - Database tables initialized successfully
2026-04-03 10:02:31 - INFO     - database - Product added: TEST001 = Test Coffee
2026-04-03 10:02:31 - ERROR    - __main__ - TEST 1 FAILED: 'DatabaseManager' object has no attribute 'get_products'
Traceback (most recent call last):
  File "D:\Program_Kasir\test_low_stock_alert.py", line 66, in test_low_stock_alert_threshold
    products = db.get_products()
               ^^^^^^^^^^^^^^^
AttributeError: 'DatabaseManager' object has no attribute 'get_products'
2026-04-03 10:02:31 - INFO     - backup_manager - Backup folder ready: backup
2026-04-03 10:02:31 - INFO     - backup_manager - BackupManager initialized: folder=backup, max_backups=7
2026-04-03 10:02:31 - INFO     - database - Transaction table migration completed
2026-04-03 10:02:31 - INFO     - database - Database tables initialized successfully
2026-04-03 10:02:31 - INFO     - database - Product added: TEST002 = Test Product
2026-04-03 10:02:31 - ERROR    - __main__ - TEST 2 FAILED: 'DatabaseManager' object has no attribute 'get_products'
Traceback (most recent call last):
  File "D:\Program_Kasir\test_low_stock_alert.py", line 114, in test_no_alert_when_telegram_disabled
    products = db.get_products()
               ^^^^^^^^^^^^^^^
AttributeError: 'DatabaseManager' object has no attribute 'get_products'
2026-04-03 10:02:31 - INFO     - backup_manager - Backup folder ready: backup
2026-04-03 10:02:31 - INFO     - backup_manager - BackupManager initialized: folder=backup, max_backups=7
2026-04-03 10:02:31 - INFO     - database - Transaction table migration completed
2026-04-03 10:02:31 - INFO     - database - Database tables initialized successfully
2026-04-03 10:02:31 - INFO     - database - Product added: TEST003 = Test Product High Stock
2026-04-03 10:02:31 - ERROR    - __main__ - TEST 3 FAILED: 'DatabaseManager' object has no attribute 'get_products'
Traceback (most recent call last):
  File "D:\Program_Kasir\test_low_stock_alert.py", line 157, in test_no_alert_when_stock_above_threshold
    products = db.get_products()
               ^^^^^^^^^^^^^^^
AttributeError: 'DatabaseManager' object has no attribute 'get_products'
2026-04-03 10:02:31 - INFO     - backup_manager - Backup folder ready: backup
2026-04-03 10:02:31 - INFO     - backup_manager - BackupManager initialized: folder=backup, max_backups=7
2026-04-03 10:02:31 - INFO     - database - Transaction table migration completed
2026-04-03 10:02:31 - INFO     - database - Database tables initialized successfully
2026-04-03 10:02:31 - INFO     - database - Product added: PROD001 = Coffee Beans
2026-04-03 10:02:31 - INFO     - database - Product added: PROD002 = Tea Leaves
2026-04-03 10:02:31 - INFO     - database - Product added: PROD003 = Sugar
2026-04-03 10:02:31 - ERROR    - __main__ - TEST 4 FAILED: 'DatabaseManager' object has no attribute 'get_products'
Traceback (most recent call last):
  File "D:\Program_Kasir\test_low_stock_alert.py", line 212, in test_multiple_products_reduce_below_threshold
    products = db.get_products()
               ^^^^^^^^^^^^^^^
AttributeError: 'DatabaseManager' object has no attribute 'get_products'
2026-04-03 10:03:20 - INFO     - logger_config - ======================================================================
2026-04-03 10:03:20 - INFO     - logger_config - SISTEM POS - Application Restarted
2026-04-03 10:03:20 - INFO     - logger_config - ======================================================================
2026-04-03 10:03:20 - INFO     - logger_config - Logging initialized at 2026-04-03 10:03:20
2026-04-03 10:03:20 - INFO     - backup_manager - Backup folder ready: backup
2026-04-03 10:03:20 - INFO     - backup_manager - BackupManager initialized: folder=backup, max_backups=7
2026-04-03 10:03:20 - INFO     - database - Transaction table migration completed
2026-04-03 10:03:20 - INFO     - database - Database tables initialized successfully
2026-04-03 10:03:20 - INFO     - database - Product added: TEST001 = Test Coffee
2026-04-03 10:03:20 - INFO     - __main__ - Created test product: Test Coffee with stock=7
2026-04-03 10:03:20 - INFO     - __main__ - Reducing stock from 7 to 2 units (should TRIGGER alert)
2026-04-03 10:03:20 - INFO     - database - Stock reduced: product_id=1, qty=5, remaining=2
2026-04-03 10:03:20 - INFO     - __main__ -    - Product: Test Coffee
2026-04-03 10:03:20 - INFO     - __main__ -    - Stock: 2
2026-04-03 10:03:20 - INFO     - backup_manager - Backup folder ready: backup
2026-04-03 10:03:20 - INFO     - backup_manager - BackupManager initialized: folder=backup, max_backups=7
2026-04-03 10:03:20 - INFO     - database - Transaction table migration completed
2026-04-03 10:03:20 - INFO     - database - Database tables initialized successfully
2026-04-03 10:03:20 - INFO     - database - Product added: TEST002 = Test Product
2026-04-03 10:03:20 - INFO     - __main__ - Created test product with stock=7
2026-04-03 10:03:20 - INFO     - __main__ - Reducing stock to 2 units (telegram_bot=None)
2026-04-03 10:03:20 - INFO     - database - Stock reduced: product_id=1, qty=5, remaining=2
2026-04-03 10:03:20 - INFO     - __main__ - Stock reduced successfully (no alert sent because telegram_bot=None)
2026-04-03 10:03:20 - INFO     - backup_manager - Backup folder ready: backup
2026-04-03 10:03:20 - INFO     - backup_manager - BackupManager initialized: folder=backup, max_backups=7
2026-04-03 10:03:20 - INFO     - database - Transaction table migration completed
2026-04-03 10:03:20 - INFO     - database - Database tables initialized successfully
2026-04-03 10:03:20 - INFO     - database - Product added: TEST003 = Test Product High Stock
2026-04-03 10:03:20 - INFO     - __main__ - Created test product with stock=10
2026-04-03 10:03:20 - INFO     - __main__ - Reducing stock from 10 to 7 units
2026-04-03 10:03:20 - INFO     - database - Stock reduced: product_id=1, qty=3, remaining=7
2026-04-03 10:03:20 - INFO     - __main__ - No alert sent (stock=7 is >= 5)
2026-04-03 10:03:20 - INFO     - backup_manager - Backup folder ready: backup
2026-04-03 10:03:20 - INFO     - backup_manager - BackupManager initialized: folder=backup, max_backups=7
2026-04-03 10:03:20 - INFO     - database - Transaction table migration completed
2026-04-03 10:03:20 - INFO     - database - Database tables initialized successfully
2026-04-03 10:03:20 - INFO     - database - Product added: PROD001 = Coffee Beans
2026-04-03 10:03:20 - INFO     - database - Product added: PROD002 = Tea Leaves
2026-04-03 10:03:20 - INFO     - database - Product added: PROD003 = Sugar
2026-04-03 10:03:20 - INFO     - __main__ - Reducing multiple products below threshold...
2026-04-03 10:03:20 - INFO     - __main__ -   - Reducing Coffee Beans by 8
2026-04-03 10:03:20 - INFO     - database - Stock reduced: product_id=1, qty=8, remaining=2
2026-04-03 10:03:20 - INFO     - __main__ -   - Reducing Tea Leaves by 13
2026-04-03 10:03:20 - INFO     - database - Stock reduced: product_id=2, qty=13, remaining=2
2026-04-03 10:03:20 - INFO     - __main__ -   - Reducing Sugar by 6
2026-04-03 10:03:20 - INFO     - database - Stock reduced: product_id=3, qty=6, remaining=2
2026-04-03 10:03:20 - INFO     - __main__ - All 3 alerts sent:
2026-04-03 10:07:54 - INFO     - logger_config - ======================================================================
2026-04-03 10:07:54 - INFO     - logger_config - SISTEM POS - Application Restarted
2026-04-03 10:07:54 - INFO     - logger_config - ======================================================================
2026-04-03 10:07:54 - INFO     - logger_config - Logging initialized at 2026-04-03 10:07:54
2026-04-03 10:07:54 - INFO     - backup_manager - Backup folder ready: backup
2026-04-03 10:07:54 - INFO     - backup_manager - BackupManager initialized: folder=backup, max_backups=7
2026-04-03 10:07:54 - INFO     - database - Transaction table migration completed
2026-04-03 10:07:54 - INFO     - database - Database tables initialized successfully
2026-04-03 10:27:20 - INFO     - logger_config - ======================================================================
2026-04-03 10:27:20 - INFO     - logger_config - SISTEM POS - Application Restarted
2026-04-03 10:27:20 - INFO     - logger_config - ======================================================================
2026-04-03 10:27:20 - INFO     - logger_config - Logging initialized at 2026-04-03 10:27:20
2026-04-03 10:27:20 - INFO     - __main__ - Application initialization started
2026-04-03 10:27:21 - INFO     - backup_manager - Backup folder ready: backup
2026-04-03 10:27:21 - INFO     - backup_manager - BackupManager initialized: folder=backup, max_backups=7
2026-04-03 10:27:21 - INFO     - database - Transaction table migration completed
2026-04-03 10:27:21 - INFO     - database - Database tables initialized successfully
2026-04-03 10:27:21 - INFO     - __main__ - Database initialized
2026-04-03 10:27:21 - INFO     - __main__ - Showing login window
2026-04-03 10:29:27 - INFO     - logger_config - ======================================================================
2026-04-03 10:29:27 - INFO     - logger_config - SISTEM POS - Application Restarted
2026-04-03 10:29:27 - INFO     - logger_config - ======================================================================
2026-04-03 10:29:27 - INFO     - logger_config - Logging initialized at 2026-04-03 10:29:27
2026-04-03 10:30:42 - INFO     - logger_config - ======================================================================
2026-04-03 10:30:42 - INFO     - logger_config - SISTEM POS - Application Restarted
2026-04-03 10:30:42 - INFO     - logger_config - ======================================================================
2026-04-03 10:30:42 - INFO     - logger_config - Logging initialized at 2026-04-03 10:30:42
2026-04-03 10:31:00 - INFO     - logger_config - ======================================================================
2026-04-03 10:31:00 - INFO     - logger_config - SISTEM POS - Application Restarted
2026-04-03 10:31:00 - INFO     - logger_config - ======================================================================
2026-04-03 10:31:00 - INFO     - logger_config - Logging initialized at 2026-04-03 10:31:00
2026-04-03 10:33:23 - INFO     - logger_config - ======================================================================
2026-04-03 10:33:23 - INFO     - logger_config - SISTEM POS - Application Restarted
2026-04-03 10:33:23 - INFO     - logger_config - ======================================================================
2026-04-03 10:33:23 - INFO     - logger_config - Logging initialized at 2026-04-03 10:33:23
2026-04-03 10:33:23 - INFO     - __main__ - Application initialization started
2026-04-03 10:33:23 - INFO     - backup_manager - Backup folder ready: backup
2026-04-03 10:33:23 - INFO     - backup_manager - BackupManager initialized: folder=backup, max_backups=7
2026-04-03 10:33:23 - INFO     - database - Transaction table migration completed
2026-04-03 10:33:23 - INFO     - database - Database tables initialized successfully
2026-04-03 10:33:23 - INFO     - __main__ - Database initialized
2026-04-03 10:33:23 - INFO     - __main__ - Showing login window
2026-04-03 10:46:26 - INFO     - logger_config - ======================================================================
2026-04-03 10:46:26 - INFO     - logger_config - SISTEM POS - Application Restarted
2026-04-03 10:46:26 - INFO     - logger_config - ======================================================================
2026-04-03 10:46:26 - INFO     - logger_config - Logging initialized at 2026-04-03 10:46:26
2026-04-03 10:48:53 - INFO     - logger_config - ======================================================================
2026-04-03 10:48:53 - INFO     - logger_config - SISTEM POS - Application Restarted
2026-04-03 10:48:53 - INFO     - logger_config - ======================================================================
2026-04-03 10:48:53 - INFO     - logger_config - Logging initialized at 2026-04-03 10:48:53
2026-04-03 10:48:53 - INFO     - __main__ - Application initialization started
2026-04-03 10:48:53 - INFO     - backup_manager - Backup folder ready: backup
2026-04-03 10:48:53 - INFO     - backup_manager - BackupManager initialized: folder=backup, max_backups=7
2026-04-03 10:48:53 - INFO     - database - Transaction table migration completed
2026-04-03 10:48:53 - INFO     - database - Database tables initialized successfully
2026-04-03 10:48:53 - INFO     - __main__ - Database initialized
2026-04-03 10:48:53 - INFO     - __main__ - Showing login window
2026-04-03 10:49:12 - INFO     - database - User login successful: cashier
2026-04-03 10:49:12 - INFO     - __main__ - User login successful: cashier (cashier)
2026-04-03 10:49:12 - INFO     - __main__ - Launching main application for user cashier
2026-04-03 10:49:12 - INFO     - backup_manager - Backup folder ready: backup
2026-04-03 10:49:12 - INFO     - backup_manager - BackupManager initialized: folder=backup, max_backups=7
2026-04-03 10:49:12 - INFO     - database - Transaction table migration completed
2026-04-03 10:49:12 - INFO     - database - Database tables initialized successfully
2026-04-03 10:49:13 - INFO     - telegram_bot - [OK] All command handlers registered
2026-04-03 10:49:13 - INFO     - telegram_bot - [OK] Telegram Bot initialized successfully
2026-04-03 10:49:13 - INFO     - backup_manager - Backup folder ready: backup
2026-04-03 10:49:13 - INFO     - backup_manager - BackupManager initialized: folder=backup, max_backups=7
2026-04-03 10:49:13 - INFO     - database - Transaction table migration completed
2026-04-03 10:49:13 - INFO     - database - Database tables initialized successfully
2026-04-03 10:49:13 - INFO     - backup_manager - Backup already exists for today: backup_20260403.db
2026-04-03 10:49:13 - INFO     - __main__ - Keyboard shortcuts registered:
2026-04-03 15:27:57 - INFO     - logger_config - ======================================================================
2026-04-03 15:27:57 - INFO     - logger_config - SISTEM POS - Application Restarted
2026-04-03 15:27:57 - INFO     - logger_config - ======================================================================
2026-04-03 15:27:57 - INFO     - logger_config - Logging initialized at 2026-04-03 15:27:57
2026-04-03 15:27:58 - INFO     - __main__ - Application initialization started
2026-04-03 15:27:58 - INFO     - backup_manager - Backup folder ready: backup
2026-04-03 15:27:58 - INFO     - backup_manager - BackupManager initialized: folder=backup, max_backups=7
2026-04-03 15:27:58 - INFO     - database - Transaction table migration completed
2026-04-03 15:27:58 - INFO     - database - Database tables initialized successfully
2026-04-03 15:27:58 - INFO     - __main__ - Database initialized
2026-04-03 15:27:58 - INFO     - __main__ - Showing login window
2026-04-03 15:28:09 - INFO     - database - User login successful: cashier
2026-04-03 15:28:09 - INFO     - __main__ - User login successful: cashier (cashier)
2026-04-03 15:28:09 - INFO     - __main__ - Launching main application for user cashier
2026-04-03 15:28:09 - INFO     - backup_manager - Backup folder ready: backup
2026-04-03 15:28:09 - INFO     - backup_manager - BackupManager initialized: folder=backup, max_backups=7
2026-04-03 15:28:09 - INFO     - database - Transaction table migration completed
2026-04-03 15:28:09 - INFO     - database - Database tables initialized successfully
2026-04-03 15:28:10 - INFO     - telegram_bot - [OK] All command handlers registered
2026-04-03 15:28:10 - INFO     - telegram_bot - [OK] Telegram Bot initialized successfully
2026-04-03 15:28:10 - INFO     - backup_manager - Backup folder ready: backup
2026-04-03 15:28:10 - INFO     - backup_manager - BackupManager initialized: folder=backup, max_backups=7
2026-04-03 15:28:10 - INFO     - database - Transaction table migration completed
2026-04-03 15:28:10 - INFO     - database - Database tables initialized successfully
2026-04-03 15:28:10 - INFO     - backup_manager - Backup already exists for today: backup_20260403.db
2026-04-03 15:28:10 - INFO     - __main__ - Keyboard shortcuts registered:
2026-04-03 15:29:39 - INFO     - __main__ - User cashier logged out
2026-04-03 15:30:06 - INFO     - logger_config - ======================================================================
2026-04-03 15:30:06 - INFO     - logger_config - SISTEM POS - Application Restarted
2026-04-03 15:30:06 - INFO     - logger_config - ======================================================================
2026-04-03 15:30:06 - INFO     - logger_config - Logging initialized at 2026-04-03 15:30:06
2026-04-03 15:30:07 - INFO     - __main__ - Application initialization started
2026-04-03 15:30:07 - INFO     - backup_manager - Backup folder ready: backup
2026-04-03 15:30:07 - INFO     - backup_manager - BackupManager initialized: folder=backup, max_backups=7
2026-04-03 15:30:07 - INFO     - database - Transaction table migration completed
2026-04-03 15:30:07 - INFO     - database - Database tables initialized successfully
2026-04-03 15:30:07 - INFO     - __main__ - Database initialized
2026-04-03 15:30:07 - INFO     - __main__ - Showing login window
2026-04-03 15:30:16 - INFO     - database - User login successful: cashier
2026-04-03 15:30:16 - INFO     - __main__ - User login successful: cashier (cashier)
2026-04-03 15:30:16 - INFO     - __main__ - Launching main application for user cashier
2026-04-03 15:30:16 - INFO     - backup_manager - Backup folder ready: backup
2026-04-03 15:30:16 - INFO     - backup_manager - BackupManager initialized: folder=backup, max_backups=7
2026-04-03 15:30:16 - INFO     - database - Transaction table migration completed
2026-04-03 15:30:16 - INFO     - database - Database tables initialized successfully
2026-04-03 15:30:16 - INFO     - telegram_bot - [OK] All command handlers registered
2026-04-03 15:30:16 - INFO     - telegram_bot - [OK] Telegram Bot initialized successfully
2026-04-03 15:30:16 - INFO     - backup_manager - Backup folder ready: backup
2026-04-03 15:30:16 - INFO     - backup_manager - BackupManager initialized: folder=backup, max_backups=7
2026-04-03 15:30:16 - INFO     - database - Transaction table migration completed
2026-04-03 15:30:16 - INFO     - database - Database tables initialized successfully
2026-04-03 15:30:16 - INFO     - backup_manager - Backup already exists for today: backup_20260403.db
2026-04-03 15:30:17 - INFO     - __main__ - Keyboard shortcuts registered:
2026-04-03 15:31:28 - INFO     - __main__ - User cashier logged out
2026-04-03 15:31:33 - INFO     - logger_config - ======================================================================
2026-04-03 15:31:33 - INFO     - logger_config - SISTEM POS - Application Restarted
2026-04-03 15:31:33 - INFO     - logger_config - ======================================================================
2026-04-03 15:31:33 - INFO     - logger_config - Logging initialized at 2026-04-03 15:31:33
2026-04-03 15:31:34 - INFO     - __main__ - Application initialization started
2026-04-03 15:31:34 - INFO     - backup_manager - Backup folder ready: backup
2026-04-03 15:31:34 - INFO     - backup_manager - BackupManager initialized: folder=backup, max_backups=7
2026-04-03 15:31:34 - INFO     - database - Transaction table migration completed
2026-04-03 15:31:34 - INFO     - database - Database tables initialized successfully
2026-04-03 15:31:34 - INFO     - __main__ - Database initialized
2026-04-03 15:31:34 - INFO     - __main__ - Showing login window
2026-04-03 15:31:43 - INFO     - database - User login successful: cashier
2026-04-03 15:31:43 - INFO     - __main__ - User login successful: cashier (cashier)
2026-04-03 15:31:43 - INFO     - __main__ - Launching main application for user cashier
2026-04-03 15:31:43 - INFO     - backup_manager - Backup folder ready: backup
2026-04-03 15:31:43 - INFO     - backup_manager - BackupManager initialized: folder=backup, max_backups=7
2026-04-03 15:31:43 - INFO     - database - Transaction table migration completed
2026-04-03 15:31:43 - INFO     - database - Database tables initialized successfully
2026-04-03 15:31:44 - INFO     - telegram_bot - [OK] All command handlers registered
2026-04-03 15:31:44 - INFO     - telegram_bot - [OK] Telegram Bot initialized successfully
2026-04-03 15:31:44 - INFO     - backup_manager - Backup folder ready: backup
2026-04-03 15:31:44 - INFO     - backup_manager - BackupManager initialized: folder=backup, max_backups=7
2026-04-03 15:31:44 - INFO     - database - Transaction table migration completed
2026-04-03 15:31:44 - INFO     - database - Database tables initialized successfully
2026-04-03 15:31:44 - INFO     - backup_manager - Backup already exists for today: backup_20260403.db
2026-04-03 15:31:44 - INFO     - __main__ - Keyboard shortcuts registered:
2026-04-03 15:31:52 - INFO     - __main__ - User cashier logged out
2026-04-03 15:42:44 - INFO     - logger_config - ======================================================================
2026-04-03 15:42:44 - INFO     - logger_config - SISTEM POS - Application Restarted
2026-04-03 15:42:44 - INFO     - logger_config - ======================================================================
2026-04-03 15:42:44 - INFO     - logger_config - Logging initialized at 2026-04-03 15:42:44
2026-04-03 15:42:44 - INFO     - __main__ - Application initialization started
2026-04-03 15:42:44 - INFO     - backup_manager - Backup folder ready: backup
2026-04-03 15:42:44 - INFO     - backup_manager - BackupManager initialized: folder=backup, max_backups=7
2026-04-03 15:42:44 - INFO     - database - Transaction table migration completed
2026-04-03 15:42:44 - INFO     - database - Database tables initialized successfully
2026-04-03 15:42:44 - INFO     - __main__ - Database initialized
2026-04-03 15:42:44 - INFO     - __main__ - Showing login window
2026-04-03 15:42:49 - WARNING  - __main__ - User cancelled login, exiting application
2026-04-03 15:43:41 - INFO     - logger_config - ======================================================================
2026-04-03 15:43:41 - INFO     - logger_config - SISTEM POS - Application Restarted
2026-04-03 15:43:41 - INFO     - logger_config - ======================================================================
2026-04-03 15:43:41 - INFO     - logger_config - Logging initialized at 2026-04-03 15:43:41
2026-04-03 15:43:42 - INFO     - __main__ - Application initialization started
2026-04-03 15:43:42 - INFO     - backup_manager - Backup folder ready: backup
2026-04-03 15:43:42 - INFO     - backup_manager - BackupManager initialized: folder=backup, max_backups=7
2026-04-03 15:43:42 - INFO     - database - Transaction table migration completed
2026-04-03 15:43:42 - INFO     - database - Database tables initialized successfully
2026-04-03 15:43:42 - INFO     - __main__ - Database initialized
2026-04-03 15:43:42 - INFO     - __main__ - Showing login window
2026-04-03 15:43:50 - INFO     - database - User login successful: admin
2026-04-03 15:43:50 - INFO     - __main__ - User login successful: admin (admin)
2026-04-03 15:43:50 - INFO     - __main__ - Launching main application for user admin
2026-04-03 15:43:50 - INFO     - backup_manager - Backup folder ready: backup
2026-04-03 15:43:50 - INFO     - backup_manager - BackupManager initialized: folder=backup, max_backups=7
2026-04-03 15:43:50 - INFO     - database - Transaction table migration completed
2026-04-03 15:43:50 - INFO     - database - Database tables initialized successfully
2026-04-03 15:43:51 - INFO     - telegram_bot - [OK] All command handlers registered
2026-04-03 15:43:51 - INFO     - telegram_bot - [OK] Telegram Bot initialized successfully
2026-04-03 15:43:51 - INFO     - backup_manager - Backup folder ready: backup
2026-04-03 15:43:51 - INFO     - backup_manager - BackupManager initialized: folder=backup, max_backups=7
2026-04-03 15:43:51 - INFO     - database - Transaction table migration completed
2026-04-03 15:43:51 - INFO     - database - Database tables initialized successfully
2026-04-03 15:43:51 - INFO     - backup_manager - Backup already exists for today: backup_20260403.db
2026-04-03 15:43:51 - INFO     - __main__ - Keyboard shortcuts registered:
2026-04-03 15:45:26 - INFO     - __main__ - User admin logged out
2026-04-03 15:45:33 - INFO     - logger_config - ======================================================================
2026-04-03 15:45:33 - INFO     - logger_config - SISTEM POS - Application Restarted
2026-04-03 15:45:33 - INFO     - logger_config - ======================================================================
2026-04-03 15:45:33 - INFO     - logger_config - Logging initialized at 2026-04-03 15:45:33
2026-04-03 15:45:33 - INFO     - __main__ - Application initialization started
2026-04-03 15:45:33 - INFO     - backup_manager - Backup folder ready: backup
2026-04-03 15:45:33 - INFO     - backup_manager - BackupManager initialized: folder=backup, max_backups=7
2026-04-03 15:45:33 - INFO     - database - Transaction table migration completed
2026-04-03 15:45:33 - INFO     - database - Database tables initialized successfully
2026-04-03 15:45:33 - INFO     - __main__ - Database initialized
2026-04-03 15:45:33 - INFO     - __main__ - Showing login window
2026-04-03 15:45:41 - INFO     - database - User login successful: admin
2026-04-03 15:45:41 - INFO     - __main__ - User login successful: admin (admin)
2026-04-03 15:45:41 - INFO     - __main__ - Launching main application for user admin
2026-04-03 15:45:41 - INFO     - backup_manager - Backup folder ready: backup
2026-04-03 15:45:41 - INFO     - backup_manager - BackupManager initialized: folder=backup, max_backups=7
2026-04-03 15:45:41 - INFO     - database - Transaction table migration completed
2026-04-03 15:45:41 - INFO     - database - Database tables initialized successfully
2026-04-03 15:45:42 - INFO     - telegram_bot - [OK] All command handlers registered
2026-04-03 15:45:42 - INFO     - telegram_bot - [OK] Telegram Bot initialized successfully
2026-04-03 15:45:42 - INFO     - backup_manager - Backup folder ready: backup
2026-04-03 15:45:42 - INFO     - backup_manager - BackupManager initialized: folder=backup, max_backups=7
2026-04-03 15:45:42 - INFO     - database - Transaction table migration completed
2026-04-03 15:45:42 - INFO     - database - Database tables initialized successfully
2026-04-03 15:45:42 - INFO     - backup_manager - Backup already exists for today: backup_20260403.db
2026-04-03 15:45:42 - INFO     - __main__ - Keyboard shortcuts registered:
2026-04-03 15:46:33 - INFO     - database - User created: username=gustiana, role=admin
2026-04-03 15:46:56 - INFO     - __main__ - User admin logged out
2026-04-03 15:47:02 - INFO     - logger_config - ======================================================================
2026-04-03 15:47:02 - INFO     - logger_config - SISTEM POS - Application Restarted
2026-04-03 15:47:02 - INFO     - logger_config - ======================================================================
2026-04-03 15:47:02 - INFO     - logger_config - Logging initialized at 2026-04-03 15:47:02
2026-04-03 15:47:02 - INFO     - __main__ - Application initialization started
2026-04-03 15:47:02 - INFO     - backup_manager - Backup folder ready: backup
2026-04-03 15:47:02 - INFO     - backup_manager - BackupManager initialized: folder=backup, max_backups=7
2026-04-03 15:47:02 - INFO     - database - Transaction table migration completed
2026-04-03 15:47:02 - INFO     - database - Database tables initialized successfully
2026-04-03 15:47:02 - INFO     - __main__ - Database initialized
2026-04-03 15:47:02 - INFO     - __main__ - Showing login window
2026-04-03 15:47:24 - INFO     - database - User login successful: gustiana
2026-04-03 15:47:24 - INFO     - __main__ - User login successful: gustiana (admin)
2026-04-03 15:47:24 - INFO     - __main__ - Launching main application for user gustiana
2026-04-03 15:47:24 - INFO     - backup_manager - Backup folder ready: backup
2026-04-03 15:47:24 - INFO     - backup_manager - BackupManager initialized: folder=backup, max_backups=7
2026-04-03 15:47:24 - INFO     - database - Transaction table migration completed
2026-04-03 15:47:24 - INFO     - database - Database tables initialized successfully
2026-04-03 15:47:25 - INFO     - telegram_bot - [OK] All command handlers registered
2026-04-03 15:47:25 - INFO     - telegram_bot - [OK] Telegram Bot initialized successfully
2026-04-03 15:47:25 - INFO     - backup_manager - Backup folder ready: backup
2026-04-03 15:47:25 - INFO     - backup_manager - BackupManager initialized: folder=backup, max_backups=7
2026-04-03 15:47:25 - INFO     - database - Transaction table migration completed
2026-04-03 15:47:25 - INFO     - database - Database tables initialized successfully
2026-04-03 15:47:25 - INFO     - backup_manager - Backup already exists for today: backup_20260403.db
2026-04-03 15:47:25 - INFO     - __main__ - Keyboard shortcuts registered:
2026-04-03 15:49:36 - INFO     - __main__ - User gustiana logged out
2026-04-03 15:49:39 - INFO     - logger_config - ======================================================================
2026-04-03 15:49:39 - INFO     - logger_config - SISTEM POS - Application Restarted
2026-04-03 15:49:39 - INFO     - logger_config - ======================================================================
2026-04-03 15:49:39 - INFO     - logger_config - Logging initialized at 2026-04-03 15:49:39
2026-04-03 15:49:40 - INFO     - __main__ - Application initialization started
2026-04-03 15:49:40 - INFO     - backup_manager - Backup folder ready: backup
2026-04-03 15:49:40 - INFO     - backup_manager - BackupManager initialized: folder=backup, max_backups=7
2026-04-03 15:49:40 - INFO     - database - Transaction table migration completed
2026-04-03 15:49:40 - INFO     - database - Database tables initialized successfully
2026-04-03 15:49:40 - INFO     - __main__ - Database initialized
2026-04-03 15:49:40 - INFO     - __main__ - Showing login window
2026-04-03 15:49:49 - INFO     - database - User login successful: gustiana
2026-04-03 15:49:49 - INFO     - __main__ - User login successful: gustiana (admin)
2026-04-03 15:49:49 - INFO     - __main__ - Launching main application for user gustiana
2026-04-03 15:49:49 - INFO     - backup_manager - Backup folder ready: backup
2026-04-03 15:49:49 - INFO     - backup_manager - BackupManager initialized: folder=backup, max_backups=7
2026-04-03 15:49:49 - INFO     - database - Transaction table migration completed
2026-04-03 15:49:49 - INFO     - database - Database tables initialized successfully
2026-04-03 15:49:50 - INFO     - telegram_bot - [OK] All command handlers registered
2026-04-03 15:49:50 - INFO     - telegram_bot - [OK] Telegram Bot initialized successfully
2026-04-03 15:49:50 - INFO     - backup_manager - Backup folder ready: backup
2026-04-03 15:49:50 - INFO     - backup_manager - BackupManager initialized: folder=backup, max_backups=7
2026-04-03 15:49:50 - INFO     - database - Transaction table migration completed
2026-04-03 15:49:50 - INFO     - database - Database tables initialized successfully
2026-04-03 15:49:50 - INFO     - backup_manager - Backup already exists for today: backup_20260403.db
2026-04-03 15:49:50 - INFO     - __main__ - Keyboard shortcuts registered:
2026-04-03 15:49:50 - INFO     - __main__ -   Enter → Add item
2026-04-03 15:49:50 - INFO     - __main__ -   F1 → New transaction
2026-04-03 15:49:50 - INFO     - __main__ -   F2 → Process payment
2026-04-03 15:49:50 - INFO     - __main__ -   Escape → Cancel transaction
2026-04-03 15:52:48 - WARNING  - database - Product deleted: COFFEE
2026-04-03 15:52:53 - WARNING  - database - Product deleted: TEST001
2026-04-03 15:52:57 - WARNING  - database - Product deleted: TEA
2026-04-03 15:53:07 - INFO     - __main__ - User gustiana logged out
2026-04-03 15:54:04 - INFO     - logger_config - ======================================================================
2026-04-03 15:54:04 - INFO     - logger_config - SISTEM POS - Application Restarted
2026-04-03 15:54:04 - INFO     - logger_config - ======================================================================
2026-04-03 15:54:04 - INFO     - logger_config - Logging initialized at 2026-04-03 15:54:04
2026-04-03 15:54:04 - INFO     - __main__ - Application initialization started
2026-04-03 15:54:04 - INFO     - backup_manager - Backup folder ready: backup
2026-04-03 15:54:04 - INFO     - backup_manager - BackupManager initialized: folder=backup, max_backups=7
2026-04-03 15:54:04 - INFO     - database - Transaction table migration completed
2026-04-03 15:54:04 - INFO     - database - Database tables initialized successfully
2026-04-03 15:54:04 - INFO     - __main__ - Database initialized
2026-04-03 15:54:04 - INFO     - __main__ - Showing login window
2026-04-03 15:54:12 - INFO     - database - User login successful: cashier
2026-04-03 15:54:12 - INFO     - __main__ - User login successful: cashier (cashier)
2026-04-03 15:54:12 - INFO     - __main__ - Launching main application for user cashier
2026-04-03 15:54:12 - INFO     - backup_manager - Backup folder ready: backup
2026-04-03 15:54:12 - INFO     - backup_manager - BackupManager initialized: folder=backup, max_backups=7
2026-04-03 15:54:12 - INFO     - database - Transaction table migration completed
2026-04-03 15:54:12 - INFO     - database - Database tables initialized successfully
2026-04-03 15:54:13 - INFO     - telegram_bot - [OK] All command handlers registered
2026-04-03 15:54:13 - INFO     - telegram_bot - [OK] Telegram Bot initialized successfully
2026-04-03 15:54:13 - INFO     - backup_manager - Backup folder ready: backup
2026-04-03 15:54:13 - INFO     - backup_manager - BackupManager initialized: folder=backup, max_backups=7
2026-04-03 15:54:13 - INFO     - database - Transaction table migration completed
2026-04-03 15:54:13 - INFO     - database - Database tables initialized successfully
2026-04-03 15:54:13 - INFO     - backup_manager - Backup already exists for today: backup_20260403.db
2026-04-03 15:54:14 - INFO     - __main__ - Keyboard shortcuts registered:
2026-04-03 15:54:14 - INFO     - __main__ -   Enter → Add item
2026-04-03 15:54:14 - INFO     - __main__ -   F1 → New transaction
2026-04-03 15:54:14 - INFO     - __main__ -   F2 → Process payment
2026-04-03 15:54:14 - INFO     - __main__ -   Escape → Cancel transaction
2026-04-03 15:54:17 - ERROR    - database - Database error: no such function: REGEXP
Traceback (most recent call last):
  File "D:\Program-Kasir\database.py", line 77, in get_connection
    yield connection
  File "D:\Program-Kasir\database.py", line 375, in get_next_product_code
    cursor.execute("""
sqlite3.OperationalError: no such function: REGEXP
2026-04-03 15:54:17 - WARNING  - database - Error getting next product code: no such function: REGEXP, using fallback method
2026-04-03 15:54:17 - ERROR    - database - Database error: 'sqlite3.Row' object has no attribute 'get'
Traceback (most recent call last):
  File "D:\Program-Kasir\database.py", line 375, in get_next_product_code
    cursor.execute("""
sqlite3.OperationalError: no such function: REGEXP

During handling of the above exception, another exception occurred:

Traceback (most recent call last):
  File "D:\Program-Kasir\database.py", line 77, in get_connection
    yield connection
  File "D:\Program-Kasir\database.py", line 401, in get_next_product_code
    if result and result.get('max_len'):
                  ^^^^^^^^^^
AttributeError: 'sqlite3.Row' object has no attribute 'get'
2026-04-03 15:54:17 - ERROR    - database - Fallback method failed: 'sqlite3.Row' object has no attribute 'get', returning 0001
2026-04-03 15:54:56 - ERROR    - database - Database error: UNIQUE constraint failed: products.kode
Traceback (most recent call last):
  File "D:\Program-Kasir\database.py", line 77, in get_connection
    yield connection
  File "D:\Program-Kasir\database.py", line 292, in add_product
    cursor.execute("""
sqlite3.IntegrityError: UNIQUE constraint failed: products.kode
2026-04-03 15:54:56 - WARNING  - database - Product code '0001' already exists
2026-04-03 15:55:08 - ERROR    - database - Database error: no such function: REGEXP
Traceback (most recent call last):
  File "D:\Program-Kasir\database.py", line 77, in get_connection
    yield connection
  File "D:\Program-Kasir\database.py", line 375, in get_next_product_code
    cursor.execute("""
sqlite3.OperationalError: no such function: REGEXP
2026-04-03 15:55:08 - WARNING  - database - Error getting next product code: no such function: REGEXP, using fallback method
2026-04-03 15:55:08 - ERROR    - database - Database error: 'sqlite3.Row' object has no attribute 'get'
Traceback (most recent call last):
  File "D:\Program-Kasir\database.py", line 375, in get_next_product_code
    cursor.execute("""
sqlite3.OperationalError: no such function: REGEXP

During handling of the above exception, another exception occurred:

Traceback (most recent call last):
  File "D:\Program-Kasir\database.py", line 77, in get_connection
    yield connection
  File "D:\Program-Kasir\database.py", line 401, in get_next_product_code
    if result and result.get('max_len'):
                  ^^^^^^^^^^
AttributeError: 'sqlite3.Row' object has no attribute 'get'
2026-04-03 15:55:08 - ERROR    - database - Fallback method failed: 'sqlite3.Row' object has no attribute 'get', returning 0001
2026-04-03 15:55:20 - WARNING  - database - Product with code '1' not found for deletion
2026-04-03 15:56:05 - WARNING  - database - Product with code '1' not found for deletion
2026-04-03 15:56:12 - WARNING  - database - Product with code '1' not found for deletion
2026-04-03 15:57:07 - INFO     - __main__ - User cashier logged out
2026-04-03 15:59:42 - INFO     - logger_config - ======================================================================
2026-04-03 15:59:42 - INFO     - logger_config - SISTEM POS - Application Restarted
2026-04-03 15:59:42 - INFO     - logger_config - ======================================================================
2026-04-03 15:59:42 - INFO     - logger_config - Logging initialized at 2026-04-03 15:59:42
2026-04-03 15:59:42 - INFO     - __main__ - Application initialization started
2026-04-03 15:59:42 - INFO     - backup_manager - Backup folder ready: backup
2026-04-03 15:59:42 - INFO     - backup_manager - BackupManager initialized: folder=backup, max_backups=7
2026-04-03 15:59:42 - INFO     - database - Transaction table migration completed
2026-04-03 15:59:42 - INFO     - database - Database tables initialized successfully
2026-04-03 15:59:42 - INFO     - __main__ - Database initialized
2026-04-03 15:59:42 - INFO     - __main__ - Showing login window
2026-04-03 15:59:51 - INFO     - database - User login successful: cashier
2026-04-03 15:59:51 - INFO     - __main__ - User login successful: cashier (cashier)
2026-04-03 15:59:51 - INFO     - __main__ - Launching main application for user cashier
2026-04-03 15:59:51 - INFO     - backup_manager - Backup folder ready: backup
2026-04-03 15:59:51 - INFO     - backup_manager - BackupManager initialized: folder=backup, max_backups=7
2026-04-03 15:59:51 - INFO     - database - Transaction table migration completed
2026-04-03 15:59:51 - INFO     - database - Database tables initialized successfully
2026-04-03 15:59:52 - INFO     - telegram_bot - [OK] All command handlers registered
2026-04-03 15:59:52 - INFO     - telegram_bot - [OK] Telegram Bot initialized successfully
2026-04-03 15:59:52 - INFO     - backup_manager - Backup folder ready: backup
2026-04-03 15:59:52 - INFO     - backup_manager - BackupManager initialized: folder=backup, max_backups=7
2026-04-03 15:59:52 - INFO     - database - Transaction table migration completed
2026-04-03 15:59:52 - INFO     - database - Database tables initialized successfully
2026-04-03 15:59:52 - INFO     - backup_manager - Backup already exists for today: backup_20260403.db
2026-04-03 15:59:52 - INFO     - __main__ - Keyboard shortcuts registered:
2026-04-03 15:59:52 - INFO     - __main__ -   Enter → Add item
2026-04-03 15:59:52 - INFO     - __main__ -   F1 → New transaction
2026-04-03 15:59:52 - INFO     - __main__ -   F2 → Process payment
2026-04-03 15:59:52 - INFO     - __main__ -   Escape → Cancel transaction
2026-04-03 16:00:03 - ERROR    - database - Database error: no such function: REGEXP
Traceback (most recent call last):
  File "D:\Program-Kasir\database.py", line 77, in get_connection
    yield connection
  File "D:\Program-Kasir\database.py", line 389, in get_next_product_code
    cursor.execute("""
sqlite3.OperationalError: no such function: REGEXP
2026-04-03 16:00:03 - WARNING  - database - Error getting next product code: no such function: REGEXP, using fallback method
2026-04-03 16:00:03 - ERROR    - database - Database error: 'sqlite3.Row' object has no attribute 'get'
Traceback (most recent call last):
  File "D:\Program-Kasir\database.py", line 389, in get_next_product_code
    cursor.execute("""
sqlite3.OperationalError: no such function: REGEXP

During handling of the above exception, another exception occurred:

Traceback (most recent call last):
  File "D:\Program-Kasir\database.py", line 77, in get_connection
    yield connection
  File "D:\Program-Kasir\database.py", line 415, in get_next_product_code
    if result and result.get('max_len'):
                  ^^^^^^^^^^
AttributeError: 'sqlite3.Row' object has no attribute 'get'
2026-04-03 16:00:03 - ERROR    - database - Fallback method failed: 'sqlite3.Row' object has no attribute 'get', returning 0001
2026-04-03 16:00:15 - INFO     - __main__ - User cashier logged out
2026-04-03 16:00:17 - INFO     - logger_config - ======================================================================
2026-04-03 16:00:17 - INFO     - logger_config - SISTEM POS - Application Restarted
2026-04-03 16:00:17 - INFO     - logger_config - ======================================================================
2026-04-03 16:00:17 - INFO     - logger_config - Logging initialized at 2026-04-03 16:00:17
2026-04-03 16:00:17 - INFO     - __main__ - Application initialization started
2026-04-03 16:00:17 - INFO     - backup_manager - Backup folder ready: backup
2026-04-03 16:00:17 - INFO     - backup_manager - BackupManager initialized: folder=backup, max_backups=7
2026-04-03 16:00:17 - INFO     - database - Transaction table migration completed
2026-04-03 16:00:17 - INFO     - database - Database tables initialized successfully
2026-04-03 16:00:17 - INFO     - __main__ - Database initialized
2026-04-03 16:00:17 - INFO     - __main__ - Showing login window
2026-04-03 16:00:28 - INFO     - database - User login successful: gustiana
2026-04-03 16:00:28 - INFO     - __main__ - User login successful: gustiana (admin)
2026-04-03 16:00:28 - INFO     - __main__ - Launching main application for user gustiana
2026-04-03 16:00:28 - INFO     - backup_manager - Backup folder ready: backup
2026-04-03 16:00:28 - INFO     - backup_manager - BackupManager initialized: folder=backup, max_backups=7
2026-04-03 16:00:28 - INFO     - database - Transaction table migration completed
2026-04-03 16:00:28 - INFO     - database - Database tables initialized successfully
2026-04-03 16:00:29 - INFO     - telegram_bot - [OK] All command handlers registered
2026-04-03 16:00:29 - INFO     - telegram_bot - [OK] Telegram Bot initialized successfully
2026-04-03 16:00:29 - INFO     - backup_manager - Backup folder ready: backup
2026-04-03 16:00:29 - INFO     - backup_manager - BackupManager initialized: folder=backup, max_backups=7
2026-04-03 16:00:29 - INFO     - database - Transaction table migration completed
2026-04-03 16:00:29 - INFO     - database - Database tables initialized successfully
2026-04-03 16:00:29 - INFO     - backup_manager - Backup already exists for today: backup_20260403.db
2026-04-03 16:00:29 - INFO     - __main__ - Keyboard shortcuts registered:
2026-04-03 16:00:29 - INFO     - __main__ -   Enter → Add item
2026-04-03 16:00:29 - INFO     - __main__ -   F1 → New transaction
2026-04-03 16:00:29 - INFO     - __main__ -   F2 → Process payment
2026-04-03 16:00:29 - INFO     - __main__ -   Escape → Cancel transaction
2026-04-03 16:00:59 - INFO     - __main__ - User gustiana logged out
2026-04-03 16:01:01 - INFO     - logger_config - ======================================================================
2026-04-03 16:01:01 - INFO     - logger_config - SISTEM POS - Application Restarted
2026-04-03 16:01:01 - INFO     - logger_config - ======================================================================
2026-04-03 16:01:01 - INFO     - logger_config - Logging initialized at 2026-04-03 16:01:01
2026-04-03 16:01:02 - INFO     - __main__ - Application initialization started
2026-04-03 16:01:02 - INFO     - backup_manager - Backup folder ready: backup
2026-04-03 16:01:02 - INFO     - backup_manager - BackupManager initialized: folder=backup, max_backups=7
2026-04-03 16:01:02 - INFO     - database - Transaction table migration completed
2026-04-03 16:01:02 - INFO     - database - Database tables initialized successfully
2026-04-03 16:01:02 - INFO     - __main__ - Database initialized
2026-04-03 16:01:02 - INFO     - __main__ - Creating default users on first run
2026-04-03 16:01:02 - INFO     - database - User created: username=admin, role=admin
2026-04-03 16:01:02 - INFO     - database - User created: username=cashier, role=cashier
2026-04-03 16:01:02 - INFO     - __main__ - Default users created: admin and cashier
2026-04-03 16:01:02 - INFO     - __main__ - Showing login window
2026-04-03 16:01:19 - INFO     - database - User login successful: admin
2026-04-03 16:01:19 - INFO     - __main__ - User login successful: admin (admin)
2026-04-03 16:01:19 - INFO     - __main__ - Launching main application for user admin
2026-04-03 16:01:19 - INFO     - backup_manager - Backup folder ready: backup
2026-04-03 16:01:19 - INFO     - backup_manager - BackupManager initialized: folder=backup, max_backups=7
2026-04-03 16:01:19 - INFO     - database - Transaction table migration completed
2026-04-03 16:01:19 - INFO     - database - Database tables initialized successfully
2026-04-03 16:01:20 - INFO     - telegram_bot - [OK] All command handlers registered
2026-04-03 16:01:20 - INFO     - telegram_bot - [OK] Telegram Bot initialized successfully
2026-04-03 16:01:20 - INFO     - backup_manager - Backup folder ready: backup
2026-04-03 16:01:20 - INFO     - backup_manager - BackupManager initialized: folder=backup, max_backups=7
2026-04-03 16:01:20 - INFO     - database - Transaction table migration completed
2026-04-03 16:01:20 - INFO     - database - Database tables initialized successfully
2026-04-03 16:01:20 - INFO     - backup_manager - Backup already exists for today: backup_20260403.db
2026-04-03 16:01:20 - INFO     - __main__ - Keyboard shortcuts registered:
2026-04-03 16:01:20 - INFO     - __main__ -   Enter → Add item
2026-04-03 16:01:20 - INFO     - __main__ -   F1 → New transaction
2026-04-03 16:01:20 - INFO     - __main__ -   F2 → Process payment
2026-04-03 16:01:20 - INFO     - __main__ -   Escape → Cancel transaction
2026-04-03 16:01:27 - ERROR    - database - Database error: no such function: REGEXP
Traceback (most recent call last):
  File "D:\Program-Kasir\database.py", line 77, in get_connection
    yield connection
  File "D:\Program-Kasir\database.py", line 389, in get_next_product_code
    cursor.execute("""
sqlite3.OperationalError: no such function: REGEXP
2026-04-03 16:01:27 - WARNING  - database - Error getting next product code: no such function: REGEXP, using fallback method
2026-04-03 16:01:27 - ERROR    - database - Database error: 'sqlite3.Row' object has no attribute 'get'
Traceback (most recent call last):
  File "D:\Program-Kasir\database.py", line 389, in get_next_product_code
    cursor.execute("""
sqlite3.OperationalError: no such function: REGEXP

During handling of the above exception, another exception occurred:

Traceback (most recent call last):
  File "D:\Program-Kasir\database.py", line 77, in get_connection
    yield connection
  File "D:\Program-Kasir\database.py", line 415, in get_next_product_code
    if result and result.get('max_len'):
                  ^^^^^^^^^^
AttributeError: 'sqlite3.Row' object has no attribute 'get'
2026-04-03 16:01:27 - ERROR    - database - Fallback method failed: 'sqlite3.Row' object has no attribute 'get', returning 0001
2026-04-03 16:01:54 - INFO     - database - Product added: 0001 = Gantungan Kunci Karakter
2026-04-03 16:01:54 - INFO     - models - Product added via ProductManager: 0001 = Gantungan Kunci Karakter
2026-04-03 16:01:56 - INFO     - logger_config - Product added: 0001 = Gantungan Kunci Karakter
2026-04-03 16:01:58 - ERROR    - database - Database error: no such function: REGEXP
Traceback (most recent call last):
  File "D:\Program-Kasir\database.py", line 77, in get_connection
    yield connection
  File "D:\Program-Kasir\database.py", line 389, in get_next_product_code
    cursor.execute("""
sqlite3.OperationalError: no such function: REGEXP
2026-04-03 16:01:58 - WARNING  - database - Error getting next product code: no such function: REGEXP, using fallback method
2026-04-03 16:01:58 - ERROR    - database - Database error: 'sqlite3.Row' object has no attribute 'get'
Traceback (most recent call last):
  File "D:\Program-Kasir\database.py", line 389, in get_next_product_code
    cursor.execute("""
sqlite3.OperationalError: no such function: REGEXP

During handling of the above exception, another exception occurred:

Traceback (most recent call last):
  File "D:\Program-Kasir\database.py", line 77, in get_connection
    yield connection
  File "D:\Program-Kasir\database.py", line 415, in get_next_product_code
    if result and result.get('max_len'):
                  ^^^^^^^^^^
AttributeError: 'sqlite3.Row' object has no attribute 'get'
2026-04-03 16:01:58 - ERROR    - database - Fallback method failed: 'sqlite3.Row' object has no attribute 'get', returning 0001
2026-04-03 16:03:28 - INFO     - database - User created: username=gustiana, role=admin
2026-04-03 16:03:42 - INFO     - __main__ - User admin logged out
2026-04-03 16:03:44 - INFO     - logger_config - ======================================================================
2026-04-03 16:03:44 - INFO     - logger_config - SISTEM POS - Application Restarted
2026-04-03 16:03:44 - INFO     - logger_config - ======================================================================
2026-04-03 16:03:44 - INFO     - logger_config - Logging initialized at 2026-04-03 16:03:44
2026-04-03 16:03:45 - INFO     - __main__ - Application initialization started
2026-04-03 16:03:45 - INFO     - backup_manager - Backup folder ready: backup
2026-04-03 16:03:45 - INFO     - backup_manager - BackupManager initialized: folder=backup, max_backups=7
2026-04-03 16:03:45 - INFO     - database - Transaction table migration completed
2026-04-03 16:03:45 - INFO     - database - Database tables initialized successfully
2026-04-03 16:03:45 - INFO     - __main__ - Database initialized
2026-04-03 16:03:45 - INFO     - __main__ - Showing login window
2026-04-03 16:03:54 - INFO     - database - User login successful: gustiana
2026-04-03 16:03:54 - INFO     - __main__ - User login successful: gustiana (admin)
2026-04-03 16:03:54 - INFO     - __main__ - Launching main application for user gustiana
2026-04-03 16:03:54 - INFO     - backup_manager - Backup folder ready: backup
2026-04-03 16:03:54 - INFO     - backup_manager - BackupManager initialized: folder=backup, max_backups=7
2026-04-03 16:03:54 - INFO     - database - Transaction table migration completed
2026-04-03 16:03:54 - INFO     - database - Database tables initialized successfully
2026-04-03 16:03:55 - INFO     - telegram_bot - [OK] All command handlers registered
2026-04-03 16:03:55 - INFO     - telegram_bot - [OK] Telegram Bot initialized successfully
2026-04-03 16:03:55 - INFO     - backup_manager - Backup folder ready: backup
2026-04-03 16:03:55 - INFO     - backup_manager - BackupManager initialized: folder=backup, max_backups=7
2026-04-03 16:03:55 - INFO     - database - Transaction table migration completed
2026-04-03 16:03:55 - INFO     - database - Database tables initialized successfully
2026-04-03 16:03:55 - INFO     - backup_manager - Backup already exists for today: backup_20260403.db
2026-04-03 16:03:55 - INFO     - __main__ - Keyboard shortcuts registered:
2026-04-03 16:03:55 - INFO     - __main__ -   Enter → Add item
2026-04-03 16:03:55 - INFO     - __main__ -   F1 → New transaction
2026-04-03 16:03:55 - INFO     - __main__ -   F2 → Process payment
2026-04-03 16:03:55 - INFO     - __main__ -   Escape → Cancel transaction
2026-04-03 16:03:59 - INFO     - database - Next product code generated: 0002
2026-04-03 16:04:21 - INFO     - database - Product added: 0002 = Gantungan Kunci Acrylic
2026-04-03 16:04:21 - INFO     - models - Product added via ProductManager: 0002 = Gantungan Kunci Acrylic
2026-04-03 16:04:24 - INFO     - logger_config - Product added: 0002 = Gantungan Kunci Acrylic
2026-04-03 16:04:29 - INFO     - __main__ - Product search: 'g' - Found 2 products
2026-04-03 16:04:29 - INFO     - __main__ - Product search: 'gan' - Found 2 products
2026-04-03 16:04:29 - INFO     - __main__ - Product search: 'gan' - Found 2 products
2026-04-03 16:04:30 - INFO     - __main__ - Product search: 'ga' - Found 2 products
2026-04-03 16:04:30 - INFO     - __main__ - Product search: 'g' - Found 2 products
2026-04-03 16:04:32 - INFO     - __main__ - Product search: 'k' - Found 2 products
2026-04-03 16:04:32 - INFO     - __main__ - Product search: 'ka' - Found 1 products
2026-04-03 16:04:32 - INFO     - __main__ - Product search: 'kar' - Found 1 products
2026-04-03 16:04:32 - INFO     - __main__ - Product search: 'kara' - Found 1 products
2026-04-03 16:04:33 - INFO     - __main__ - Product search: 'kar' - Found 1 products
2026-04-03 16:04:33 - INFO     - __main__ - Product search: 'ka' - Found 1 products
2026-04-03 16:04:33 - INFO     - __main__ - Product search: 'k' - Found 2 products
2026-04-03 16:04:35 - INFO     - __main__ - Product search: '0' - Found 2 products
2026-04-03 16:04:35 - INFO     - __main__ - Product search: '00' - Found 2 products
2026-04-03 16:04:36 - INFO     - __main__ - Product search: '000' - Found 2 products
2026-04-03 16:04:36 - INFO     - __main__ - Product search: '0002' - Found 1 products
2026-04-03 16:04:43 - INFO     - __main__ - Product selected: 0001 - Gantungan Kunci Karakter
2026-04-03 16:05:07 - INFO     - models - Discount set: 2.0% (amount: Rp180)
2026-04-03 16:05:07 - INFO     - __main__ - Discount updated: 2.0%
2026-04-03 16:05:10 - INFO     - models - Discount set: 5.0% (amount: Rp450)
2026-04-03 16:05:10 - INFO     - __main__ - Discount updated: 5.0%
2026-04-03 16:05:21 - INFO     - database - Stock reduced: product_id=1, qty=3, remaining=17
2026-04-03 16:05:21 - INFO     - transaction - Saving transaction to database...
2026-04-03 16:05:21 - INFO     - database - Transaction created: ID=1, total=Rp8,550, discount=5.0% (Rp450), tax=0.0% (Rp0)
2026-04-03 16:05:21 - INFO     - transaction - Transaction completed: ID=1, total=Rp8,550, items=1, payment=Rp10,000
2026-04-03 16:05:27 - INFO     - database - Stock reduced: product_id=1, qty=3, remaining=14
2026-04-03 16:05:27 - INFO     - transaction - Saving transaction to database...
2026-04-03 16:05:27 - INFO     - database - Transaction created: ID=2, total=Rp8,550, discount=5.0% (Rp450), tax=0.0% (Rp0)
2026-04-03 16:05:27 - INFO     - transaction - Transaction completed: ID=2, total=Rp8,550, items=1, payment=Rp10,000
2026-04-03 16:05:38 - INFO     - __main__ - User gustiana logged out
2026-04-04 10:37:32 - INFO     - logger_config - ======================================================================
2026-04-04 10:37:32 - INFO     - logger_config - SISTEM POS - Application Restarted
2026-04-04 10:37:32 - INFO     - logger_config - ======================================================================
2026-04-04 10:37:32 - INFO     - logger_config - Logging initialized at 2026-04-04 10:37:32
2026-04-04 10:37:32 - INFO     - backup_manager - Backup folder ready: backup
2026-04-04 10:37:32 - INFO     - backup_manager - BackupManager initialized: folder=backup, max_backups=7
2026-04-04 10:37:32 - INFO     - database - Transaction table migration completed
2026-04-04 10:37:32 - INFO     - database - Database tables initialized successfully
2026-04-04 10:39:15 - INFO     - logger_config - ======================================================================
2026-04-04 10:39:15 - INFO     - logger_config - SISTEM POS - Application Restarted
2026-04-04 10:39:15 - INFO     - logger_config - ======================================================================
2026-04-04 10:39:15 - INFO     - logger_config - Logging initialized at 2026-04-04 10:39:15
2026-04-04 10:39:15 - INFO     - backup_manager - Backup folder ready: backup
2026-04-04 10:39:15 - INFO     - backup_manager - BackupManager initialized: folder=backup, max_backups=7
2026-04-04 10:39:15 - INFO     - database - Transaction table migration completed
2026-04-04 10:39:15 - INFO     - database - Database tables initialized successfully
2026-04-04 10:40:38 - INFO     - logger_config - ======================================================================
2026-04-04 10:40:38 - INFO     - logger_config - SISTEM POS - Application Restarted
2026-04-04 10:40:38 - INFO     - logger_config - ======================================================================
2026-04-04 10:40:38 - INFO     - logger_config - Logging initialized at 2026-04-04 10:40:38
2026-04-04 10:40:39 - INFO     - backup_manager - Backup folder ready: backup
2026-04-04 10:40:39 - INFO     - backup_manager - BackupManager initialized: folder=backup, max_backups=7
2026-04-04 10:40:39 - INFO     - database - Transaction table migration completed
2026-04-04 10:40:39 - INFO     - database - Database tables initialized successfully
2026-04-04 10:40:39 - INFO     - backup_manager - Backup folder ready: backup
2026-04-04 10:40:39 - INFO     - backup_manager - BackupManager initialized: folder=backup, max_backups=7
2026-04-04 10:40:39 - INFO     - database - Transaction table migration completed
2026-04-04 10:40:39 - INFO     - database - Database tables initialized successfully
2026-04-04 10:40:39 - INFO     - telegram_bot - [OK] All command handlers registered
2026-04-04 10:40:39 - INFO     - telegram_bot - [OK] Telegram Bot initialized successfully
2026-04-04 10:44:44 - INFO     - logger_config - ======================================================================
2026-04-04 10:44:44 - INFO     - logger_config - SISTEM POS - Application Restarted
2026-04-04 10:44:44 - INFO     - logger_config - ======================================================================
2026-04-04 10:44:44 - INFO     - logger_config - Logging initialized at 2026-04-04 10:44:44
2026-04-04 10:44:44 - INFO     - backup_manager - Backup folder ready: backup
2026-04-04 10:44:44 - INFO     - backup_manager - BackupManager initialized: folder=backup, max_backups=7
2026-04-04 10:44:44 - INFO     - database - Transaction table migration completed
2026-04-04 10:44:44 - INFO     - database - Database tables initialized successfully
2026-04-04 10:44:47 - INFO     - logger_config - ======================================================================
2026-04-04 10:44:47 - INFO     - logger_config - SISTEM POS - Application Restarted
2026-04-04 10:44:47 - INFO     - logger_config - ======================================================================
2026-04-04 10:44:47 - INFO     - logger_config - Logging initialized at 2026-04-04 10:44:47
2026-04-04 10:44:47 - INFO     - backup_manager - Backup folder ready: backup
2026-04-04 10:44:47 - INFO     - backup_manager - BackupManager initialized: folder=backup, max_backups=7
2026-04-04 10:44:47 - INFO     - database - Transaction table migration completed
2026-04-04 10:44:47 - INFO     - database - Database tables initialized successfully
2026-04-04 10:44:47 - INFO     - backup_manager - Backup folder ready: backup
2026-04-04 10:44:47 - INFO     - backup_manager - BackupManager initialized: folder=backup, max_backups=7
2026-04-04 10:44:47 - INFO     - database - Transaction table migration completed
2026-04-04 10:44:47 - INFO     - database - Database tables initialized successfully
2026-04-04 10:44:48 - INFO     - telegram_bot - [OK] All command handlers registered
2026-04-04 10:44:48 - INFO     - telegram_bot - [OK] Telegram Bot initialized successfully
2026-04-04 10:45:27 - INFO     - database - Stock reduced: product_id=1, qty=5, remaining=9
2026-04-04 10:45:27 - INFO     - database - Stock reduced: product_id=2, qty=7, remaining=13
2026-04-04 10:45:27 - INFO     - transaction - Saving transaction to database...
2026-04-04 10:45:27 - INFO     - database - Transaction created: ID=3, total=Rp39,500, discount=0.0% (Rp0), tax=0.0% (Rp0)
2026-04-04 10:45:27 - INFO     - transaction - Transaction completed: ID=3, total=Rp39,500, items=2, payment=Rp50,000
2026-04-04 10:48:29 - INFO     - logger_config - ======================================================================
2026-04-04 10:48:29 - INFO     - logger_config - SISTEM POS - Application Restarted
2026-04-04 10:48:29 - INFO     - logger_config - ======================================================================
2026-04-04 10:48:29 - INFO     - logger_config - Logging initialized at 2026-04-04 10:48:29
2026-04-04 10:48:30 - INFO     - __main__ - Application initialization started
2026-04-04 10:48:30 - INFO     - backup_manager - Backup folder ready: backup
2026-04-04 10:48:30 - INFO     - backup_manager - BackupManager initialized: folder=backup, max_backups=7
2026-04-04 10:48:30 - INFO     - database - Transaction table migration completed
2026-04-04 10:48:30 - INFO     - database - Database tables initialized successfully
2026-04-04 10:48:30 - INFO     - __main__ - Database initialized
2026-04-04 10:48:30 - INFO     - __main__ - Showing login window
2026-04-04 10:48:57 - INFO     - logger_config - ======================================================================
2026-04-04 10:48:57 - INFO     - logger_config - SISTEM POS - Application Restarted
2026-04-04 10:48:57 - INFO     - logger_config - ======================================================================
2026-04-04 10:48:57 - INFO     - logger_config - Logging initialized at 2026-04-04 10:48:57
2026-04-04 10:48:57 - INFO     - backup_manager - Backup folder ready: backup
2026-04-04 10:48:57 - INFO     - backup_manager - BackupManager initialized: folder=backup, max_backups=7
2026-04-04 10:48:57 - INFO     - database - Transaction table migration completed
2026-04-04 10:48:57 - INFO     - database - Database tables initialized successfully
2026-04-04 10:48:57 - INFO     - backup_manager - Backup folder ready: backup
2026-04-04 10:48:57 - INFO     - backup_manager - BackupManager initialized: folder=backup, max_backups=7
2026-04-04 10:48:57 - INFO     - database - Transaction table migration completed
2026-04-04 10:48:57 - INFO     - database - Database tables initialized successfully
2026-04-04 10:48:58 - INFO     - telegram_bot - [OK] All command handlers registered
2026-04-04 10:48:58 - INFO     - telegram_bot - [OK] Telegram Bot initialized successfully
2026-04-04 10:49:39 - INFO     - models - Discount set: 5.0% (amount: Rp300)
2026-04-04 10:49:48 - INFO     - database - Stock reduced: product_id=1, qty=2, remaining=7
2026-04-04 10:49:48 - INFO     - transaction - Saving transaction to database...
2026-04-04 10:49:48 - INFO     - database - Transaction created: ID=4, total=Rp5,700, discount=5.0% (Rp300), tax=0.0% (Rp0)
2026-04-04 10:49:48 - INFO     - transaction - Transaction completed: ID=4, total=Rp5,700, items=1, payment=Rp10,000
2026-04-04 10:52:46 - INFO     - logger_config - ======================================================================
2026-04-04 10:52:46 - INFO     - logger_config - SISTEM POS - Application Restarted
2026-04-04 10:52:46 - INFO     - logger_config - ======================================================================
2026-04-04 10:52:46 - INFO     - logger_config - Logging initialized at 2026-04-04 10:52:46
2026-04-04 10:52:47 - INFO     - backup_manager - Backup folder ready: backup
2026-04-04 10:52:47 - INFO     - backup_manager - BackupManager initialized: folder=backup, max_backups=7
2026-04-04 10:52:47 - INFO     - database - Transaction table migration completed
2026-04-04 10:52:47 - INFO     - database - Database tables initialized successfully
2026-04-04 10:52:47 - INFO     - backup_manager - Backup folder ready: backup
2026-04-04 10:52:47 - INFO     - backup_manager - BackupManager initialized: folder=backup, max_backups=7
2026-04-04 10:52:47 - INFO     - database - Transaction table migration completed
2026-04-04 10:52:47 - INFO     - database - Database tables initialized successfully
2026-04-04 10:52:48 - INFO     - telegram_bot - [OK] All command handlers registered
2026-04-04 10:52:48 - INFO     - telegram_bot - [OK] Telegram Bot initialized successfully
2026-04-04 10:53:25 - INFO     - models - Discount set: 2.0% (amount: Rp140)
2026-04-04 10:53:32 - INFO     - database - Stock reduced: product_id=2, qty=2, remaining=11
2026-04-04 10:53:32 - INFO     - transaction - Saving transaction to database...
2026-04-04 10:53:32 - INFO     - database - Transaction created: ID=5, total=Rp6,860, discount=2.0% (Rp140), tax=0.0% (Rp0)
2026-04-04 10:53:32 - INFO     - transaction - Transaction completed: ID=5, total=Rp6,860, items=1, payment=Rp20,000
2026-04-04 10:57:56 - INFO     - logger_config - ======================================================================
2026-04-04 10:57:56 - INFO     - logger_config - SISTEM POS - Application Restarted
2026-04-04 10:57:56 - INFO     - logger_config - ======================================================================
2026-04-04 10:57:56 - INFO     - logger_config - Logging initialized at 2026-04-04 10:57:56
2026-04-04 10:57:56 - INFO     - backup_manager - Backup folder ready: backup
2026-04-04 10:57:56 - INFO     - backup_manager - BackupManager initialized: folder=backup, max_backups=7
2026-04-04 10:57:56 - INFO     - database - Transaction table migration completed
2026-04-04 10:57:56 - INFO     - database - Database tables initialized successfully
2026-04-04 10:57:56 - INFO     - backup_manager - Backup folder ready: backup
2026-04-04 10:57:56 - INFO     - backup_manager - BackupManager initialized: folder=backup, max_backups=7
2026-04-04 10:57:56 - INFO     - database - Transaction table migration completed
2026-04-04 10:57:56 - INFO     - database - Database tables initialized successfully
2026-04-04 10:57:57 - INFO     - telegram_bot - [OK] All command handlers registered
2026-04-04 10:57:57 - INFO     - telegram_bot - [OK] Telegram Bot initialized successfully
2026-04-04 10:59:20 - INFO     - database - Product updated: 0001
2026-04-04 10:59:52 - INFO     - logger_config - ======================================================================
2026-04-04 10:59:52 - INFO     - logger_config - SISTEM POS - Application Restarted
2026-04-04 10:59:52 - INFO     - logger_config - ======================================================================
2026-04-04 10:59:52 - INFO     - logger_config - Logging initialized at 2026-04-04 10:59:52
2026-04-04 10:59:52 - INFO     - backup_manager - Backup folder ready: backup
2026-04-04 10:59:52 - INFO     - backup_manager - BackupManager initialized: folder=backup, max_backups=7
2026-04-04 10:59:52 - INFO     - database - Transaction table migration completed
2026-04-04 10:59:52 - INFO     - database - Database tables initialized successfully
2026-04-04 10:59:52 - INFO     - backup_manager - Backup folder ready: backup
2026-04-04 10:59:52 - INFO     - backup_manager - BackupManager initialized: folder=backup, max_backups=7
2026-04-04 10:59:52 - INFO     - database - Transaction table migration completed
2026-04-04 10:59:52 - INFO     - database - Database tables initialized successfully
2026-04-04 10:59:53 - INFO     - telegram_bot - [OK] All command handlers registered
2026-04-04 10:59:53 - INFO     - telegram_bot - [OK] Telegram Bot initialized successfully
2026-04-04 11:02:37 - INFO     - logger_config - ======================================================================
2026-04-04 11:02:37 - INFO     - logger_config - SISTEM POS - Application Restarted
2026-04-04 11:02:37 - INFO     - logger_config - ======================================================================
2026-04-04 11:02:37 - INFO     - logger_config - Logging initialized at 2026-04-04 11:02:37
2026-04-04 11:02:37 - INFO     - backup_manager - Backup folder ready: backup
2026-04-04 11:02:37 - INFO     - backup_manager - BackupManager initialized: folder=backup, max_backups=7
2026-04-04 11:02:37 - INFO     - database - Transaction table migration completed
2026-04-04 11:02:37 - INFO     - database - Database tables initialized successfully
2026-04-04 11:02:37 - INFO     - backup_manager - Backup folder ready: backup
2026-04-04 11:02:37 - INFO     - backup_manager - BackupManager initialized: folder=backup, max_backups=7
2026-04-04 11:02:37 - INFO     - database - Transaction table migration completed
2026-04-04 11:02:37 - INFO     - database - Database tables initialized successfully
2026-04-04 11:02:38 - INFO     - telegram_bot - [OK] All command handlers registered
2026-04-04 11:02:38 - INFO     - telegram_bot - [OK] Telegram Bot initialized successfully
2026-04-04 11:02:49 - INFO     - database - Next product code generated: 0003
2026-04-04 11:05:10 - INFO     - database - Product added: 0003 = Strap Phone manik kupu
2026-04-04 11:05:10 - INFO     - models - Product added via ProductManager: 0003 = Strap Phone manik kupu
2026-04-04 11:10:53 - INFO     - database - Next product code generated: 0004
2026-04-04 11:11:14 - INFO     - database - Product added: 0004 = Jepit Rambut
2026-04-04 11:11:14 - INFO     - models - Product added via ProductManager: 0004 = Jepit Rambut
2026-04-04 11:11:20 - INFO     - database - Next product code generated: 0005
2026-04-04 11:12:45 - INFO     - database - Product added: 0005 = Ganci Animal
2026-04-04 11:12:45 - INFO     - models - Product added via ProductManager: 0005 = Ganci Animal
2026-04-04 11:14:44 - INFO     - database - Product updated: 0001
2026-04-04 11:15:04 - INFO     - database - Product updated: 0002
2026-04-04 11:15:48 - INFO     - database - Product updated: 0003
2026-04-04 11:17:54 - INFO     - logger_config - ======================================================================
2026-04-04 11:17:54 - INFO     - logger_config - SISTEM POS - Application Restarted
2026-04-04 11:17:54 - INFO     - logger_config - ======================================================================
2026-04-04 11:17:54 - INFO     - logger_config - Logging initialized at 2026-04-04 11:17:54
2026-04-04 11:17:54 - INFO     - config_manager - Config loaded from config.json
2026-04-04 11:17:54 - INFO     - backup_manager - Backup folder ready: backup
2026-04-04 11:17:54 - INFO     - backup_manager - BackupManager initialized: folder=backup, max_backups=7
2026-04-04 11:17:54 - INFO     - database - Transaction table migration completed
2026-04-04 11:17:54 - INFO     - database - Database tables initialized successfully
2026-04-04 11:17:54 - INFO     - logger_config - ======================================================================
2026-04-04 11:17:54 - INFO     - logger_config - ======================================================================
2026-04-04 11:17:54 - INFO     - logger_config - SISTEM POS - Application Restarted
2026-04-04 11:17:54 - INFO     - logger_config - SISTEM POS - Application Restarted
2026-04-04 11:17:54 - INFO     - logger_config - ======================================================================
2026-04-04 11:17:54 - INFO     - logger_config - ======================================================================
2026-04-04 11:17:54 - INFO     - logger_config - Logging initialized at 2026-04-04 11:17:54
2026-04-04 11:17:54 - INFO     - logger_config - Logging initialized at 2026-04-04 11:17:54
2026-04-04 11:17:54 - INFO     - __main__ - Test log message
2026-04-04 11:17:54 - INFO     - __main__ - Test log message
2026-04-04 11:17:54 - INFO     - logger_config - ======================================================================
2026-04-04 11:17:54 - INFO     - logger_config - ======================================================================
2026-04-04 11:17:54 - INFO     - logger_config - ======================================================================
2026-04-04 11:17:54 - INFO     - logger_config - SISTEM POS - Application Restarted
2026-04-04 11:17:54 - INFO     - logger_config - SISTEM POS - Application Restarted
2026-04-04 11:17:54 - INFO     - logger_config - SISTEM POS - Application Restarted
2026-04-04 11:17:54 - INFO     - logger_config - ======================================================================
2026-04-04 11:17:54 - INFO     - logger_config - ======================================================================
2026-04-04 11:17:54 - INFO     - logger_config - ======================================================================
2026-04-04 11:17:54 - INFO     - logger_config - Logging initialized at 2026-04-04 11:17:54
2026-04-04 11:17:54 - INFO     - logger_config - Logging initialized at 2026-04-04 11:17:54
2026-04-04 11:17:54 - INFO     - logger_config - Logging initialized at 2026-04-04 11:17:54
2026-04-04 11:17:54 - INFO     - backup_manager - Backup folder ready: backup
2026-04-04 11:17:54 - INFO     - backup_manager - Backup folder ready: backup
2026-04-04 11:17:54 - INFO     - backup_manager - Backup folder ready: backup
2026-04-04 11:17:54 - INFO     - backup_manager - BackupManager initialized: folder=backup, max_backups=7
2026-04-04 11:17:54 - INFO     - backup_manager - BackupManager initialized: folder=backup, max_backups=7
2026-04-04 11:17:54 - INFO     - backup_manager - BackupManager initialized: folder=backup, max_backups=7
2026-04-04 11:17:54 - INFO     - database - Transaction table migration completed
2026-04-04 11:17:54 - INFO     - database - Transaction table migration completed
2026-04-04 11:17:54 - INFO     - database - Transaction table migration completed
2026-04-04 11:17:54 - INFO     - database - Database tables initialized successfully
2026-04-04 11:17:54 - INFO     - database - Database tables initialized successfully
2026-04-04 11:17:54 - INFO     - database - Database tables initialized successfully
2026-04-04 11:17:54 - INFO     - database - User created: username=test_user, role=cashier
2026-04-04 11:17:54 - INFO     - database - User created: username=test_user, role=cashier
2026-04-04 11:17:54 - INFO     - database - User created: username=test_user, role=cashier
2026-04-04 11:17:54 - INFO     - database - User login successful: test_user
2026-04-04 11:17:54 - INFO     - database - User login successful: test_user
2026-04-04 11:17:54 - INFO     - database - User login successful: test_user
2026-04-04 11:17:54 - INFO     - database - User 4 deleted
2026-04-04 11:17:54 - INFO     - database - User 4 deleted
2026-04-04 11:17:54 - INFO     - database - User 4 deleted
2026-04-04 11:22:23 - INFO     - logger_config - ======================================================================
2026-04-04 11:22:23 - INFO     - logger_config - SISTEM POS - Application Restarted
2026-04-04 11:22:23 - INFO     - logger_config - ======================================================================
2026-04-04 11:22:23 - INFO     - logger_config - Logging initialized at 2026-04-04 11:22:23
