2026-03-29 11:41:35,195 - telegram_bot - ERROR - Error starting bot: Timed out
2026-03-29 11:42:13,663 - httpx - INFO - HTTP Request: POST https://api.telegram.org/bot8048186562:AAHKrCmuj99ahRcAdex45YcV-IZrR_uOFug/sendMessage "HTTP/1.1 200 OK"
2026-03-29 11:43:51,462 - telegram_bot - ERROR - Error starting bot: There is no current event loop in thread 'MainThread'.
2026-03-29 11:47:32,811 - httpx - INFO - HTTP Request: POST https://api.telegram.org/bot8048186562:AAHKrCmuj99ahRcAdex45YcV-IZrR_uOFug/getMe "HTTP/1.1 200 OK"
2026-03-29 11:47:33,000 - httpx - INFO - HTTP Request: POST https://api.telegram.org/bot8048186562:AAHKrCmuj99ahRcAdex45YcV-IZrR_uOFug/deleteWebhook "HTTP/1.1 200 OK"
2026-03-29 11:47:33,005 - telegram.ext.Application - INFO - Application started
2026-03-29 11:47:33,808 - httpx - INFO - HTTP Request: POST https://api.telegram.org/bot8048186562:AAHKrCmuj99ahRcAdex45YcV-IZrR_uOFug/getUpdates "HTTP/1.1 200 OK"
2026-03-29 11:47:34,396 - httpx - INFO - HTTP Request: POST https://api.telegram.org/bot8048186562:AAHKrCmuj99ahRcAdex45YcV-IZrR_uOFug/sendMessage "HTTP/1.1 200 OK"
2026-03-29 11:47:34,852 - httpx - INFO - HTTP Request: POST https://api.telegram.org/bot8048186562:AAHKrCmuj99ahRcAdex45YcV-IZrR_uOFug/sendMessage "HTTP/1.1 200 OK"
2026-03-29 11:47:35,253 - httpx - INFO - HTTP Request: POST https://api.telegram.org/bot8048186562:AAHKrCmuj99ahRcAdex45YcV-IZrR_uOFug/sendMessage "HTTP/1.1 200 OK"
2026-03-29 11:47:35,665 - httpx - INFO - HTTP Request: POST https://api.telegram.org/bot8048186562:AAHKrCmuj99ahRcAdex45YcV-IZrR_uOFug/sendMessage "HTTP/1.1 200 OK"
2026-03-29 11:47:36,052 - httpx - INFO - HTTP Request: POST https://api.telegram.org/bot8048186562:AAHKrCmuj99ahRcAdex45YcV-IZrR_uOFug/sendMessage "HTTP/1.1 200 OK"
2026-03-29 11:47:44,071 - httpx - INFO - HTTP Request: POST https://api.telegram.org/bot8048186562:AAHKrCmuj99ahRcAdex45YcV-IZrR_uOFug/getUpdates "HTTP/1.1 200 OK"
2026-03-29 11:47:54,257 - httpx - INFO - HTTP Request: POST https://api.telegram.org/bot8048186562:AAHKrCmuj99ahRcAdex45YcV-IZrR_uOFug/getUpdates "HTTP/1.1 200 OK"
2026-03-29 11:48:04,444 - httpx - INFO - HTTP Request: POST https://api.telegram.org/bot8048186562:AAHKrCmuj99ahRcAdex45YcV-IZrR_uOFug/getUpdates "HTTP/1.1 200 OK"
2026-03-29 11:48:05,178 - httpx - INFO - HTTP Request: POST https://api.telegram.org/bot8048186562:AAHKrCmuj99ahRcAdex45YcV-IZrR_uOFug/getUpdates "HTTP/1.1 200 OK"
2026-03-29 11:48:06,063 - httpx - INFO - HTTP Request: POST https://api.telegram.org/bot8048186562:AAHKrCmuj99ahRcAdex45YcV-IZrR_uOFug/sendMessage "HTTP/1.1 200 OK"
2026-03-29 11:48:06,469 - httpx - INFO - HTTP Request: POST https://api.telegram.org/bot8048186562:AAHKrCmuj99ahRcAdex45YcV-IZrR_uOFug/sendMessage "HTTP/1.1 200 OK"
2026-03-29 11:48:15,375 - httpx - INFO - HTTP Request: POST https://api.telegram.org/bot8048186562:AAHKrCmuj99ahRcAdex45YcV-IZrR_uOFug/getUpdates "HTTP/1.1 200 OK"
2026-03-29 11:48:16,848 - httpx - INFO - HTTP Request: POST https://api.telegram.org/bot8048186562:AAHKrCmuj99ahRcAdex45YcV-IZrR_uOFug/getUpdates "HTTP/1.1 200 OK"
2026-03-29 11:48:18,065 - httpx - INFO - HTTP Request: POST https://api.telegram.org/bot8048186562:AAHKrCmuj99ahRcAdex45YcV-IZrR_uOFug/sendMessage "HTTP/1.1 200 OK"
2026-03-29 11:48:18,065 - telegram_bot - INFO - Dashboard command from chat_id: 7521820149
2026-03-29 11:48:27,081 - httpx - INFO - HTTP Request: POST https://api.telegram.org/bot8048186562:AAHKrCmuj99ahRcAdex45YcV-IZrR_uOFug/getUpdates "HTTP/1.1 200 OK"
2026-03-29 11:48:38,349 - httpx - INFO - HTTP Request: POST https://api.telegram.org/bot8048186562:AAHKrCmuj99ahRcAdex45YcV-IZrR_uOFug/getUpdates "HTTP/1.1 200 OK"
2026-03-29 11:48:48,632 - httpx - INFO - HTTP Request: POST https://api.telegram.org/bot8048186562:AAHKrCmuj99ahRcAdex45YcV-IZrR_uOFug/getUpdates "HTTP/1.1 200 OK"
2026-03-29 11:48:58,830 - httpx - INFO - HTTP Request: POST https://api.telegram.org/bot8048186562:AAHKrCmuj99ahRcAdex45YcV-IZrR_uOFug/getUpdates "HTTP/1.1 200 OK"
2026-03-29 11:49:09,044 - httpx - INFO - HTTP Request: POST https://api.telegram.org/bot8048186562:AAHKrCmuj99ahRcAdex45YcV-IZrR_uOFug/getUpdates "HTTP/1.1 200 OK"
2026-03-29 11:49:19,231 - httpx - INFO - HTTP Request: POST https://api.telegram.org/bot8048186562:AAHKrCmuj99ahRcAdex45YcV-IZrR_uOFug/getUpdates "HTTP/1.1 200 OK"
2026-03-29 11:49:29,495 - httpx - INFO - HTTP Request: POST https://api.telegram.org/bot8048186562:AAHKrCmuj99ahRcAdex45YcV-IZrR_uOFug/getUpdates "HTTP/1.1 200 OK"
2026-03-29 11:49:39,701 - httpx - INFO - HTTP Request: POST https://api.telegram.org/bot8048186562:AAHKrCmuj99ahRcAdex45YcV-IZrR_uOFug/getUpdates "HTTP/1.1 200 OK"
2026-03-29 11:49:49,894 - telegram.ext.Application - INFO - Application is stopping. This might take a moment.
2026-03-29 11:49:49,894 - telegram.ext.Application - INFO - Application.stop() complete
